<?xml version="1.0" encoding="UTF-8"?>
<!-- Generated by org.testng.reporters.JUnitReportReporter -->
<testsuite hostname="Aether" name="logwire.TestJApp1_1" tests="1" failures="0" timestamp="22 Mar 2019 02:37:30 GMT" time="0.477" errors="0">
  <testcase name="exeUnitTest" time="0.477" classname="logwire.TestJApp1_1"/>
</testsuite> <!-- logwire.TestJApp1_1 -->
