<?xml version="1.0" encoding="UTF-8"?>
<!-- Generated by org.testng.reporters.JUnitReportReporter -->
<testsuite hostname="Aether" name="logwire.AppTest" tests="1" failures="0" timestamp="22 Mar 2019 02:37:30 GMT" time="0.105" errors="0">
  <testcase name="shouldAnswerWithTrue" time="0.105" classname="logwire.AppTest"/>
</testsuite> <!-- logwire.AppTest -->
